\BOOKMARK [0][-]{chapter.1}{Introduction}{}% 1
\BOOKMARK [1][-]{section.1.1}{Project Presentation}{chapter.1}% 2
\BOOKMARK [1][-]{section.1.2}{Taskmanager}{chapter.1}% 3
\BOOKMARK [1][-]{section.1.3}{Baseline model}{chapter.1}% 4
\BOOKMARK [1][-]{section.1.4}{Failure model}{chapter.1}% 5
\BOOKMARK [0][-]{chapter.2}{Task Manager Servlet}{}% 6
\BOOKMARK [0][-]{chapter.3}{TCP server and Serialization}{}% 7
\BOOKMARK [1][-]{section.3.1}{lab description}{chapter.3}% 8
\BOOKMARK [1][-]{section.3.2}{Solution}{chapter.3}% 9
\BOOKMARK [1][-]{section.3.3}{example run}{chapter.3}% 10
\BOOKMARK [1][-]{section.3.4}{Reflection}{chapter.3}% 11
\BOOKMARK [0][-]{chapter.4}{Security}{}% 12
\BOOKMARK [1][-]{section.4.1}{Lab Exersize}{chapter.4}% 13
\BOOKMARK [1][-]{section.4.2}{Solution}{chapter.4}% 14
\BOOKMARK [1][-]{section.4.3}{Example Run}{chapter.4}% 15
\BOOKMARK [1][-]{section.4.4}{Theory}{chapter.4}% 16
\BOOKMARK [1][-]{section.4.5}{Conclusion}{chapter.4}% 17
\BOOKMARK [0][-]{chapter.5}{Group Communication}{}% 18
\BOOKMARK [1][-]{section.5.1}{lab description}{chapter.5}% 19
\BOOKMARK [1][-]{section.5.2}{Solution}{chapter.5}% 20
\BOOKMARK [1][-]{section.5.3}{Example Run}{chapter.5}% 21
\BOOKMARK [1][-]{section.5.4}{Motivation- and theory}{chapter.5}% 22
\BOOKMARK [1][-]{section.5.5}{Conclusion}{chapter.5}% 23
