This is pdfTeX, Version 3.1415926-2.4-1.40.13 (MiKTeX 2.9 64-bit) (preloaded format=pdflatex 2013.9.12)  25 NOV 2013 04:04
entering extended mode
**report.tex
(C:\Users\Bendix\Documents\SMDS2013\latex2\report.tex
LaTeX2e <2011/06/27>
Babel <v3.8m> and hyphenation patterns for english, afrikaans, ancientgreek, ar
abic, armenian, assamese, basque, bengali, bokmal, bulgarian, catalan, coptic, 
croatian, czech, danish, dutch, esperanto, estonian, farsi, finnish, french, ga
lician, german, german-x-2012-05-30, greek, gujarati, hindi, hungarian, iceland
ic, indonesian, interlingua, irish, italian, kannada, kurmanji, latin, latvian,
 lithuanian, malayalam, marathi, mongolian, mongolianlmc, monogreek, ngerman, n
german-x-2012-05-30, nynorsk, oriya, panjabi, pinyin, polish, portuguese, roman
ian, russian, sanskrit, serbian, slovak, slovenian, spanish, swedish, swissgerm
an, tamil, telugu, turkish, turkmen, ukenglish, ukrainian, uppersorbian, usengl
ishmax, welsh, loaded.
("C:\Program Files\MiKTeX 2.9\tex\latex\base\report.cls"
Document Class: report 2007/10/19 v1.4h Standard LaTeX document class
("C:\Program Files\MiKTeX 2.9\tex\latex\base\size10.clo"
File: size10.clo 2007/10/19 v1.4h Standard LaTeX file (size option)
)
\c@part=\count79
\c@chapter=\count80
\c@section=\count81
\c@subsection=\count82
\c@subsubsection=\count83
\c@paragraph=\count84
\c@subparagraph=\count85
\c@figure=\count86
\c@table=\count87
\abovecaptionskip=\skip41
\belowcaptionskip=\skip42
\bibindent=\dimen102
)
("C:\Program Files\MiKTeX 2.9\tex\latex\comment\comment.sty"
\CommentStream=\write3

Excluding comment 'comment')
("C:\Program Files\MiKTeX 2.9\tex\latex\graphics\graphicx.sty"
Package: graphicx 1999/02/16 v1.0f Enhanced LaTeX Graphics (DPC,SPQR)

("C:\Program Files\MiKTeX 2.9\tex\latex\graphics\keyval.sty"
Package: keyval 1999/03/16 v1.13 key=value parser (DPC)
\KV@toks@=\toks14
)
("C:\Program Files\MiKTeX 2.9\tex\latex\graphics\graphics.sty"
Package: graphics 2009/02/05 v1.0o Standard LaTeX Graphics (DPC,SPQR)

("C:\Program Files\MiKTeX 2.9\tex\latex\graphics\trig.sty"
Package: trig 1999/03/16 v1.09 sin cos tan (DPC)
)
("C:\Program Files\MiKTeX 2.9\tex\latex\00miktex\graphics.cfg"
File: graphics.cfg 2007/01/18 v1.5 graphics configuration of teTeX/TeXLive
)
Package graphics Info: Driver file: pdftex.def on input line 91.

("C:\Program Files\MiKTeX 2.9\tex\latex\pdftex-def\pdftex.def"
File: pdftex.def 2011/05/27 v0.06d Graphics/color for pdfTeX

("C:\Program Files\MiKTeX 2.9\tex\generic\oberdiek\infwarerr.sty"
Package: infwarerr 2010/04/08 v1.3 Providing info/warning/error messages (HO)
)
("C:\Program Files\MiKTeX 2.9\tex\generic\oberdiek\ltxcmds.sty"
Package: ltxcmds 2011/11/09 v1.22 LaTeX kernel commands for general use (HO)
)
\Gread@gobject=\count88
))
\Gin@req@height=\dimen103
\Gin@req@width=\dimen104
)
("C:\Program Files\MiKTeX 2.9\tex\latex\graphics\color.sty"
Package: color 2005/11/14 v1.0j Standard LaTeX Color (DPC)

("C:\Program Files\MiKTeX 2.9\tex\latex\00miktex\color.cfg"
File: color.cfg 2007/01/18 v1.5 color configuration of teTeX/TeXLive
)
Package color Info: Driver file: pdftex.def on input line 130.
)
("C:\Program Files\MiKTeX 2.9\tex\latex\xcolor\xcolor.sty"
Package: xcolor 2007/01/21 v2.11 LaTeX color extensions (UK)

("C:\Program Files\MiKTeX 2.9\tex\latex\00miktex\color.cfg"
File: color.cfg 2007/01/18 v1.5 color configuration of teTeX/TeXLive
)
Package xcolor Info: Driver file: pdftex.def on input line 225.
LaTeX Info: Redefining \color on input line 702.
Package xcolor Info: Model `cmy' substituted by `cmy0' on input line 1337.
Package xcolor Info: Model `hsb' substituted by `rgb' on input line 1341.
Package xcolor Info: Model `RGB' extended on input line 1353.
Package xcolor Info: Model `HTML' substituted by `rgb' on input line 1355.
Package xcolor Info: Model `Hsb' substituted by `hsb' on input line 1356.
Package xcolor Info: Model `tHsb' substituted by `hsb' on input line 1357.
Package xcolor Info: Model `HSB' substituted by `hsb' on input line 1358.
Package xcolor Info: Model `Gray' substituted by `gray' on input line 1359.
Package xcolor Info: Model `wave' substituted by `hsb' on input line 1360.
)
("C:\Program Files\MiKTeX 2.9\tex\latex\caption\caption.sty"
Package: caption 2013/05/02 v3.3-89 Customizing captions (AR)

("C:\Program Files\MiKTeX 2.9\tex\latex\caption\caption3.sty"
Package: caption3 2013/05/02 v1.6-88 caption3 kernel (AR)
Package caption3 Info: TeX engine: e-TeX on input line 57.
\captionmargin=\dimen105
\captionmargin@=\dimen106
\captionwidth=\dimen107
\caption@tempdima=\dimen108
\caption@indent=\dimen109
\caption@parindent=\dimen110
\caption@hangindent=\dimen111
)
\c@ContinuedFloat=\count89
)
("C:\Program Files\MiKTeX 2.9\tex\latex\tools\tabularx.sty"
Package: tabularx 1999/01/07 v2.07 `tabularx' package (DPC)

("C:\Program Files\MiKTeX 2.9\tex\latex\tools\array.sty"
Package: array 2008/09/09 v2.4c Tabular extension package (FMi)
\col@sep=\dimen112
\extrarowheight=\dimen113
\NC@list=\toks15
\extratabsurround=\skip43
\backup@length=\skip44
)
\TX@col@width=\dimen114
\TX@old@table=\dimen115
\TX@old@col=\dimen116
\TX@target=\dimen117
\TX@delta=\dimen118
\TX@cols=\count90
\TX@ftn=\toks16
)
("C:\Program Files\MiKTeX 2.9\tex\latex\ms\ragged2e.sty"
Package: ragged2e 2009/05/21 v2.1 ragged2e Package (MS)

("C:\Program Files\MiKTeX 2.9\tex\latex\ms\everysel.sty"
Package: everysel 2011/10/28 v1.2 EverySelectfont Package (MS)
)
\CenteringLeftskip=\skip45
\RaggedLeftLeftskip=\skip46
\RaggedRightLeftskip=\skip47
\CenteringRightskip=\skip48
\RaggedLeftRightskip=\skip49
\RaggedRightRightskip=\skip50
\CenteringParfillskip=\skip51
\RaggedLeftParfillskip=\skip52
\RaggedRightParfillskip=\skip53
\JustifyingParfillskip=\skip54
\CenteringParindent=\skip55
\RaggedLeftParindent=\skip56
\RaggedRightParindent=\skip57
\JustifyingParindent=\skip58
)
("C:\Program Files\MiKTeX 2.9\tex\latex\booktabs\booktabs.sty"
Package: booktabs 2005/04/14 v1.61803 publication quality tables
\heavyrulewidth=\dimen119
\lightrulewidth=\dimen120
\cmidrulewidth=\dimen121
\belowrulesep=\dimen122
\belowbottomsep=\dimen123
\aboverulesep=\dimen124
\abovetopsep=\dimen125
\cmidrulesep=\dimen126
\cmidrulekern=\dimen127
\defaultaddspace=\dimen128
\@cmidla=\count91
\@cmidlb=\count92
\@aboverulesep=\dimen129
\@belowrulesep=\dimen130
\@thisruleclass=\count93
\@lastruleclass=\count94
\@thisrulewidth=\dimen131
)
("C:\Program Files\MiKTeX 2.9\tex\latex\floatrow\floatrow.sty"
Package: floatrow 2008/08/02 v0.3b floatrow: float package extension
\c@float@type=\count95
\float@exts=\toks17
\float@box=\box26
\@floatcapt=\box27
Package floatrow Info: Modified float package code loaded on input line 455.
Package floatrow Info: Modified rotfloat package code loaded on input line 473.

\FR@everyfloat=\toks18
\flrow@foot=\insert233
\FB@wd=\dimen132
\FBo@wd=\dimen133
\FBc@wd=\dimen134
\FBo@ht=\skip59
\FBc@ht=\skip60
\FBf@ht=\skip61
\FBo@max=\skip62
\FBc@max=\skip63
\FBf@max=\skip64
\c@FBl@b=\count96
\floatbox@depth=\count97
\c@FRobj=\count98
\c@FRsobj=\count99
\Xhsize=\skip65
\sXhsize=\skip66
\Zhsize=\skip67
\sZhsize=\skip68
\flrow@rowbox=\box28
\FR@Zunitlength=\dimen135
\c@FBcnt=\count100
\FPOScnt=\count101
\LTleft=\skip69
\LTright=\skip70
\LTleft=\skip71
\LTright=\skip72
\flrow@types=\toks19
)
("C:\Program Files\MiKTeX 2.9\tex\latex\listings\listings.sty"
\lst@mode=\count102
\lst@gtempboxa=\box29
\lst@token=\toks20
\lst@length=\count103
\lst@currlwidth=\dimen136
\lst@column=\count104
\lst@pos=\count105
\lst@lostspace=\dimen137
\lst@width=\dimen138
\lst@newlines=\count106
\lst@lineno=\count107
\lst@maxwidth=\dimen139

("C:\Program Files\MiKTeX 2.9\tex\latex\listings\lstmisc.sty"
File: lstmisc.sty 2007/02/22 1.4 (Carsten Heinz)
\c@lstnumber=\count108
\lst@skipnumbers=\count109
\lst@framebox=\box30
)
("C:\Program Files\MiKTeX 2.9\tex\latex\listings\listings.cfg"
File: listings.cfg 2007/02/22 1.4 listings configuration
))
Package: listings 2007/02/22 1.4 (Carsten Heinz)

("C:\Program Files\MiKTeX 2.9\tex\latex\listings\lstlang1.sty"
File: lstlang1.sty 2004/09/05 1.3 listings language file
)
("C:\Program Files\MiKTeX 2.9\tex\latex\titlesec\titlesec.sty"
Package: titlesec 2011/12/15 v2.10.0 Sectioning titles
\ttl@box=\box31
\beforetitleunit=\skip73
\aftertitleunit=\skip74
\ttl@plus=\dimen140
\ttl@minus=\dimen141
\ttl@toksa=\toks21
\titlewidth=\dimen142
\titlewidthlast=\dimen143
\titlewidthfirst=\dimen144
)
("C:\Program Files\MiKTeX 2.9\tex\latex\hyperref\hyperref.sty"
Package: hyperref 2012/11/06 v6.83m Hypertext links for LaTeX

("C:\Program Files\MiKTeX 2.9\tex\generic\oberdiek\hobsub-hyperref.sty"
Package: hobsub-hyperref 2012/04/25 v1.12 Bundle oberdiek, subset hyperref (HO)


("C:\Program Files\MiKTeX 2.9\tex\generic\oberdiek\hobsub-generic.sty"
Package: hobsub-generic 2012/04/25 v1.12 Bundle oberdiek, subset generic (HO)
Package: hobsub 2012/04/25 v1.12 Construct package bundles (HO)
Package hobsub Info: Skipping package `infwarerr' (already loaded).
Package hobsub Info: Skipping package `ltxcmds' (already loaded).
Package: ifluatex 2010/03/01 v1.3 Provides the ifluatex switch (HO)
Package ifluatex Info: LuaTeX not detected.
Package: ifvtex 2010/03/01 v1.5 Detect VTeX and its facilities (HO)
Package ifvtex Info: VTeX not detected.
Package: intcalc 2007/09/27 v1.1 Expandable calculations with integers (HO)
Package: ifpdf 2011/01/30 v2.3 Provides the ifpdf switch (HO)
Package ifpdf Info: pdfTeX in PDF mode is detected.
Package: etexcmds 2011/02/16 v1.5 Avoid name clashes with e-TeX commands (HO)
Package etexcmds Info: Could not find \expanded.
(etexcmds)             That can mean that you are not using pdfTeX 1.50 or
(etexcmds)             that some package has redefined \expanded.
(etexcmds)             In the latter case, load this package earlier.
Package: kvsetkeys 2012/04/25 v1.16 Key value parser (HO)
Package: kvdefinekeys 2011/04/07 v1.3 Define keys (HO)
Package: pdftexcmds 2011/11/29 v0.20 Utility functions of pdfTeX for LuaTeX (HO
)
Package pdftexcmds Info: LuaTeX not detected.
Package pdftexcmds Info: \pdf@primitive is available.
Package pdftexcmds Info: \pdf@ifprimitive is available.
Package pdftexcmds Info: \pdfdraftmode found.
Package: pdfescape 2011/11/25 v1.13 Implements pdfTeX's escape features (HO)
Package: bigintcalc 2012/04/08 v1.3 Expandable calculations on big integers (HO
)
Package: bitset 2011/01/30 v1.1 Handle bit-vector datatype (HO)
Package: uniquecounter 2011/01/30 v1.2 Provide unlimited unique counter (HO)
)
Package hobsub Info: Skipping package `hobsub' (already loaded).
Package: letltxmacro 2010/09/02 v1.4 Let assignment for LaTeX macros (HO)
Package: hopatch 2011/06/24 v1.1 Wrapper for package hooks (HO)
Package: xcolor-patch 2011/01/30 xcolor patch
Package: atveryend 2011/06/30 v1.8 Hooks at the very end of document (HO)
Package atveryend Info: \enddocument detected (standard20110627).
Package: atbegshi 2011/10/05 v1.16 At begin shipout hook (HO)
Package: refcount 2011/10/16 v3.4 Data extraction from label references (HO)
Package: hycolor 2011/01/30 v1.7 Color options for hyperref/bookmark (HO)
)
("C:\Program Files\MiKTeX 2.9\tex\generic\ifxetex\ifxetex.sty"
Package: ifxetex 2010/09/12 v0.6 Provides ifxetex conditional
)
("C:\Program Files\MiKTeX 2.9\tex\latex\oberdiek\auxhook.sty"
Package: auxhook 2011/03/04 v1.3 Hooks for auxiliary files (HO)
)
("C:\Program Files\MiKTeX 2.9\tex\latex\oberdiek\kvoptions.sty"
Package: kvoptions 2011/06/30 v3.11 Key value format for package options (HO)
)
\@linkdim=\dimen145
\Hy@linkcounter=\count110
\Hy@pagecounter=\count111

("C:\Program Files\MiKTeX 2.9\tex\latex\hyperref\pd1enc.def"
File: pd1enc.def 2012/11/06 v6.83m Hyperref: PDFDocEncoding definition (HO)
)
\Hy@SavedSpaceFactor=\count112

("C:\Program Files\MiKTeX 2.9\tex\latex\00miktex\hyperref.cfg"
File: hyperref.cfg 2002/06/06 v1.2 hyperref configuration of TeXLive
)
Package hyperref Info: Hyper figures OFF on input line 4443.
Package hyperref Info: Link nesting OFF on input line 4448.
Package hyperref Info: Hyper index ON on input line 4451.
Package hyperref Info: Plain pages OFF on input line 4458.
Package hyperref Info: Backreferencing OFF on input line 4463.
Package hyperref Info: Implicit mode ON; LaTeX internals redefined.
Package hyperref Info: Bookmarks ON on input line 4688.
\c@Hy@tempcnt=\count113

("C:\Program Files\MiKTeX 2.9\tex\latex\ltxmisc\url.sty"
\Urlmuskip=\muskip10
Package: url 2006/04/12  ver 3.3  Verb mode for urls, etc.
)
LaTeX Info: Redefining \url on input line 5041.
\XeTeXLinkMargin=\dimen146
\Fld@menulength=\count114
\Field@Width=\dimen147
\Fld@charsize=\dimen148
Package hyperref Info: Hyper figures OFF on input line 6295.
Package hyperref Info: Link nesting OFF on input line 6300.
Package hyperref Info: Hyper index ON on input line 6303.
Package hyperref Info: backreferencing OFF on input line 6310.
Package hyperref Info: Link coloring OFF on input line 6315.
Package hyperref Info: Link coloring with OCG OFF on input line 6320.
Package hyperref Info: PDF/A mode OFF on input line 6325.
LaTeX Info: Redefining \ref on input line 6365.
LaTeX Info: Redefining \pageref on input line 6369.
\Hy@abspage=\count115
\c@Item=\count116
\c@Hfootnote=\count117
)

Package hyperref Message: Driver (autodetected): hpdftex.

("C:\Program Files\MiKTeX 2.9\tex\latex\hyperref\hpdftex.def"
File: hpdftex.def 2012/11/06 v6.83m Hyperref driver for pdfTeX
\Fld@listcount=\count118
\c@bookmark@seq@number=\count119

("C:\Program Files\MiKTeX 2.9\tex\latex\oberdiek\rerunfilecheck.sty"
Package: rerunfilecheck 2011/04/15 v1.7 Rerun checks for auxiliary files (HO)
Package uniquecounter Info: New unique counter `rerunfilecheck' on input line 2
82.
)
\Hy@SectionHShift=\skip75
)
Package hyperref Info: Option `colorlinks' set `true' on input line 55.

("C:\Program Files\MiKTeX 2.9\tex\latex\minitoc\minitoc.sty"
Package: minitoc 2008/07/16 v60 Package minitoc (JPFD)

("C:\Program Files\MiKTeX 2.9\tex\latex\minitoc\mtcmess.sty"
Package: mtcmess 2006/03/14
)
Package minitoc Info: I0001
(minitoc)             *** minitoc package, version 60 ***.
\tf@mtc=\write4
\mtcindent=\skip76
\mtcskipamount=\skip77
Package minitoc Info: I0005
(minitoc)             compatible with hyperref.
Package minitoc Info: I0023
(minitoc)             part level macros available.
Package minitoc Info: I0003
(minitoc)             chapter level macros available.
\mtc@toks=\toks22
\mtc@strutbox=\box32
\mtc@hstrutbox=\box33
Package minitoc Info: I0002
(minitoc)             Autoconfiguration of extensions.

(C:\Users\Bendix\Documents\SMDS2013\latex2\report.mtc0)
Package minitoc Info: I0012
(minitoc)             Long extensions (Unix-like) will be used.
Package minitoc Info: I0031
(minitoc)             ==> this version is configured for UNIX-like 
(minitoc)                 (long extensions) file names.
\c@mtc=\count120
\c@minitocdepth=\count121
\c@ptc=\count122
\c@parttocdepth=\count123
\ptcindent=\skip78
Package minitoc Info: I0010
(minitoc)             The english language is selected.
(minitoc)              on input line 4910.

("C:\Program Files\MiKTeX 2.9\tex\latex\minitoc\english.mld"
File: english.mld 2006/01/13
)
("C:\Program Files\MiKTeX 2.9\tex\latex\minitoc\english.mld"
File: english.mld 2006/01/13
))
("C:\Program Files\MiKTeX 2.9\tex\latex\enumitem\enumitem.sty"
Package: enumitem 2011/09/28 v3.5.2 Customized lists
\labelindent=\skip79
\enit@outerparindent=\dimen149
\enit@toks=\toks23
\enit@inbox=\box34
\enitdp@description=\count124
)
(C:\Users\Bendix\Documents\SMDS2013\latex2\report.aux
(C:\Users\Bendix\Documents\SMDS2013\latex2\introduction.aux

LaTeX Warning: Label `tab:title' multiply defined.

) (C:\Users\Bendix\Documents\SMDS2013\latex2\servlet.aux)
(C:\Users\Bendix\Documents\SMDS2013\latex2\tcp.aux)
(C:\Users\Bendix\Documents\SMDS2013\latex2\rest.aux)
(C:\Users\Bendix\Documents\SMDS2013\latex2\security.aux)
(C:\Users\Bendix\Documents\SMDS2013\latex2\groupcommunication.aux

LaTeX Warning: Label `tab:title' multiply defined.

) (C:\Users\Bendix\Documents\SMDS2013\latex2\concurrency.aux)
(C:\Users\Bendix\Documents\SMDS2013\latex2\mobile.aux)
(C:\Users\Bendix\Documents\SMDS2013\latex2\Conclusion.aux))
LaTeX Font Info:    Checking defaults for OML/cmm/m/it on input line 78.
LaTeX Font Info:    ... okay on input line 78.
LaTeX Font Info:    Checking defaults for T1/cmr/m/n on input line 78.
LaTeX Font Info:    ... okay on input line 78.
LaTeX Font Info:    Checking defaults for OT1/cmr/m/n on input line 78.
LaTeX Font Info:    ... okay on input line 78.
LaTeX Font Info:    Checking defaults for OMS/cmsy/m/n on input line 78.
LaTeX Font Info:    ... okay on input line 78.
LaTeX Font Info:    Checking defaults for OMX/cmex/m/n on input line 78.
LaTeX Font Info:    ... okay on input line 78.
LaTeX Font Info:    Checking defaults for U/cmr/m/n on input line 78.
LaTeX Font Info:    ... okay on input line 78.
LaTeX Font Info:    Checking defaults for PD1/pdf/m/n on input line 78.
LaTeX Font Info:    ... okay on input line 78.

("C:\Program Files\MiKTeX 2.9\tex\context\base\supp-pdf.mkii"
[Loading MPS to PDF converter (version 2006.09.02).]
\scratchcounter=\count125
\scratchdimen=\dimen150
\scratchbox=\box35
\nofMPsegments=\count126
\nofMParguments=\count127
\everyMPshowfont=\toks24
\MPscratchCnt=\count128
\MPscratchDim=\dimen151
\MPnumerator=\count129
\makeMPintoPDFobject=\count130
\everyMPtoPDFconversion=\toks25
)
Package caption Info: Begin \AtBeginDocument code.
Package caption Info: floatrow package is loaded.
Package caption Info: float package is loaded.
Package caption Info: floatrow package is loaded.
Package caption Info: hyperref package is loaded.
Package caption Info: listings package is loaded.
Package caption Info: End \AtBeginDocument code.
 ABD: EverySelectfont initializing macros
LaTeX Info: Redefining \selectfont on input line 78.
\c@lstlisting=\count131
\AtBeginShipoutBox=\box36
Package hyperref Info: Link coloring ON on input line 78.

("C:\Program Files\MiKTeX 2.9\tex\latex\hyperref\nameref.sty"
Package: nameref 2012/10/27 v2.43 Cross-referencing by name of section

("C:\Program Files\MiKTeX 2.9\tex\generic\oberdiek\gettitlestring.sty"
Package: gettitlestring 2010/12/03 v1.4 Cleanup title references (HO)
)
\c@section@level=\count132
)
LaTeX Info: Redefining \ref on input line 78.
LaTeX Info: Redefining \pageref on input line 78.
LaTeX Info: Redefining \nameref on input line 78.

(C:\Users\Bendix\Documents\SMDS2013\latex2\report.out)
(C:\Users\Bendix\Documents\SMDS2013\latex2\report.out)
\@outlinefile=\write5
Package minitoc(hints) Info: I0049
(minitoc(hints))             ==> You requested the hints option. 
(minitoc(hints))             Some hints are eventually given below.


Package minitoc(hints) Warning: W0099
(minitoc(hints))                --- The titlesec package is loaded. 
(minitoc(hints))                It is incompatible 
(minitoc(hints))                with the minitoc package.


Package minitoc(hints) Warning: W0030
(minitoc(hints))                --- The \part command is altered 
(minitoc(hints))                after minitoc.


Package minitoc(hints) Warning: W0023
(minitoc(hints))                --- It may be the consequence 
(minitoc(hints))                of loading the ``hyperref'' package.


Package minitoc(hints) Warning: W0028
(minitoc(hints))                --- The \chapter command is altered 
(minitoc(hints))                after minitoc.


Package minitoc(hints) Warning: W0023
(minitoc(hints))                --- It may be the consequence 
(minitoc(hints))                of loading the ``hyperref'' package.

(C:\Users\Bendix\Documents\SMDS2013\latex2\titlepage.tex
Overfull \hbox (85.0pt too wide) in paragraph at lines 3--4
 [] 
 []


Overfull \hbox (85.0pt too wide) in paragraph at lines 7--7
 [][] 
 []


Underfull \hbox (badness 10000) in paragraph at lines 19--20

 []


Underfull \hbox (badness 10000) in paragraph at lines 21--22

 []


Underfull \hbox (badness 10000) in paragraph at lines 23--24

 []


Underfull \hbox (badness 10000) in paragraph at lines 25--26

 []


Underfull \hbox (badness 10000) in paragraph at lines 27--28

 []


Underfull \hbox (badness 10000) in paragraph at lines 29--30

 []


Underfull \hbox (badness 10000) in paragraph at lines 31--32

 []


Underfull \hbox (badness 10000) in paragraph at lines 33--34

 []

[1

{C:/ProgramData/MiKTeX/2.9/pdftex/config/pdftex.map}])
Package minitoc Info: I0024
(minitoc)             PREPARING MINITOCS FROM report.toc on input line 81.
Package minitoc Info: I0033
(minitoc)             Writing report.mtc1.
Package minitoc Info: I0033
(minitoc)             Writing report.mtc2.
Package minitoc Info: I0033
(minitoc)             Writing report.mtc3.
Package minitoc Info: I0033
(minitoc)             Writing report.mtc4.
Package minitoc Info: I0033
(minitoc)             Writing report.mtc5.
Package minitoc Info: I0033
(minitoc)             Writing report.mtc6.

(C:\Users\Bendix\Documents\SMDS2013\latex2\report.toc
LaTeX Font Info:    External font `cmex10' loaded for size
(Font)              <7> on input line 3.
LaTeX Font Info:    External font `cmex10' loaded for size
(Font)              <5> on input line 3.
pdfTeX warning (ext4): destination with the same identifier (name{page.1}) has 
been already used, duplicate ignored
<to be read again> 
                   \relax 
l.44 ...mberline {6.5}Conclusion}{39}{section.6.5}
                                                   [1

])
\tf@toc=\write6
 [2]
(C:\Users\Bendix\Documents\SMDS2013\latex2\introduction.tex
Chapter 1.
LaTeX Font Info:    External font `cmex10' loaded for size
(Font)              <9> on input line 3.
LaTeX Font Info:    External font `cmex10' loaded for size
(Font)              <6> on input line 3.
(C:\Users\Bendix\Documents\SMDS2013\latex2\report.mtc1)
Underfull \hbox (badness 10000) in paragraph at lines 6--7

 []


Underfull \hbox (badness 10000) in paragraph at lines 8--9

 []


Underfull \hbox (badness 10000) in paragraph at lines 10--11

 []


Underfull \hbox (badness 10000) in paragraph at lines 12--13

 []

[3


]
Overfull \hbox (6.0pt too wide) in paragraph at lines 22--22
[][][][][][][] 
 []

LaTeX Font Info:    Try loading font information for OML+cmss on input line 23.

LaTeX Font Info:    No file OMLcmss.fd. on input line 23.

LaTeX Font Warning: Font shape `OML/cmss/m/n' undefined
(Font)              using `OML/cmm/m/it' instead
(Font)              for symbol `textless' on input line 23.


Underfull \hbox (badness 10000) in paragraph at lines 38--39

 []


Overfull \hbox (6.0pt too wide) in paragraph at lines 46--46
[][][][][][][] 
 []

LaTeX Font Info:    Try loading font information for OMS+cmss on input line 48.

LaTeX Font Info:    No file OMScmss.fd. on input line 48.

LaTeX Font Warning: Font shape `OMS/cmss/m/n' undefined
(Font)              using `OMS/cmsy/m/n' instead
(Font)              for symbol `textbraceleft' on input line 48.


Underfull \hbox (badness 10000) in paragraph at lines 72--73

 []


Underfull \hbox (badness 10000) in paragraph at lines 78--79

 []


Underfull \hbox (badness 10000) in paragraph at lines 80--81

 []

[4]
Underfull \hbox (badness 10000) in paragraph at lines 82--84

 []


Underfull \hbox (badness 10000) in paragraph at lines 85--86

 []


Underfull \hbox (badness 10000) in paragraph at lines 87--88

 []


Underfull \hbox (badness 10000) in paragraph at lines 89--90

 []


Underfull \hbox (badness 10000) in paragraph at lines 91--92

 []


Underfull \hbox (badness 10000) in paragraph at lines 97--98

 []


Underfull \hbox (badness 10000) in paragraph at lines 99--100

 []


Underfull \hbox (badness 10000) in paragraph at lines 101--102

 []


Underfull \hbox (badness 10000) in paragraph at lines 105--106

 []

LaTeX Font Info:    Try loading font information for OMS+cmr on input line 110.

("C:\Program Files\MiKTeX 2.9\tex\latex\base\omscmr.fd"
File: omscmr.fd 1999/05/25 v2.5h Standard LaTeX font definitions
)
LaTeX Font Info:    Font shape `OMS/cmr/m/n' in size <10> not available
(Font)              Font shape `OMS/cmsy/m/n' tried instead on input line 110.

Underfull \hbox (badness 10000) in paragraph at lines 122--123

 []

[5]
Underfull \hbox (badness 10000) in paragraph at lines 124--125

 []


Underfull \hbox (badness 10000) in paragraph at lines 130--131

 []


Underfull \hbox (badness 10000) in paragraph at lines 136--137

 []


Underfull \hbox (badness 10000) in paragraph at lines 138--139

 []


Underfull \hbox (badness 10000) in paragraph at lines 142--143

 []


Underfull \hbox (badness 10000) in paragraph at lines 147--149

 []


Underfull \hbox (badness 10000) in paragraph at lines 150--151

 []


Underfull \hbox (badness 10000) in paragraph at lines 154--155

 []


Underfull \hbox (badness 10000) in paragraph at lines 159--160

 []


Package caption Warning: The option `hypcap=true' will be ignored for this
(caption)                particular \caption on input line 164.
See the caption package documentation for explanation.

[6]
Overfull \hbox (0.60126pt too wide) in paragraph at lines 165--174
[][] 
 []


Underfull \hbox (badness 10000) in paragraph at lines 184--185

 []

[7]

Package caption Warning: \captionsetup{type*=...} or \captionof
(caption)                outside box or environment on input line 190.
See the caption package documentation for explanation.


Package caption Warning: The option `hypcap=true' will be ignored for this
(caption)                particular \caption on input line 190.
See the caption package documentation for explanation.


Underfull \hbox (badness 10000) in paragraph at lines 196--196
[]|\OT1/cmr/bx/n/10 Send-
 []


Overfull \hbox (0.60126pt too wide) in paragraph at lines 191--207
[][] 
 []


Underfull \hbox (badness 10000) in paragraph at lines 211--212

 []

) [8] (C:\Users\Bendix\Documents\SMDS2013\latex2\servlet.tex)
(C:\Users\Bendix\Documents\SMDS2013\latex2\tcp.tex
Chapter 2.
(C:\Users\Bendix\Documents\SMDS2013\latex2\report.mtc2)
Missing character: There is no â in font cmti10!
Missing character: There is no € in font cmti10!
Missing character: There is no ™ in font cmti10!

Underfull \hbox (badness 10000) in paragraph at lines 9--10

 []


Underfull \hbox (badness 10000) in paragraph at lines 11--12

 []


Underfull \hbox (badness 10000) in paragraph at lines 13--14

 []


Underfull \hbox (badness 10000) in paragraph at lines 15--16

 []

Missing character: There is no â in font cmr10!
Missing character: There is no € in font cmr10!
Missing character: There is no ˜ in font cmr10!
Missing character: There is no â in font cmr10!
Missing character: There is no € in font cmr10!
Missing character: There is no ™ in font cmr10!

Underfull \hbox (badness 10000) in paragraph at lines 37--38

 []


Underfull \hbox (badness 10000) in paragraph at lines 40--41

 []

[9





]
Underfull \hbox (badness 10000) in paragraph at lines 43--44

 []


Underfull \hbox (badness 10000) in paragraph at lines 45--46

 []


Underfull \hbox (badness 10000) in paragraph at lines 48--49

 []


Underfull \hbox (badness 10000) in paragraph at lines 51--52

 []


Underfull \hbox (badness 10000) in paragraph at lines 54--55

 []


Underfull \hbox (badness 10000) in paragraph at lines 56--57

 []

Missing character: There is no â in font cmr10!
Missing character: There is no € in font cmr10!
Missing character: There is no ™ in font cmr10!
[10]
Overfull \hbox (6.0pt too wide) in paragraph at lines 69--69
[][][][][][][] 
 []


Overfull \hbox (6.0pt too wide) in paragraph at lines 88--88
[][][][][][][] 
 []


Overfull \hbox (6.0pt too wide) in paragraph at lines 109--109
[][][][][][][] 
 []

[11] [12]
Overfull \hbox (6.0pt too wide) in paragraph at lines 126--126
[][][][][][][] 
 []


Overfull \hbox (6.0pt too wide) in paragraph at lines 137--137
[][][][][][][] 
 []


Underfull \hbox (badness 10000) in paragraph at lines 196--197

 []

[13]
Underfull \hbox (badness 10000) in paragraph at lines 198--199

 []


Underfull \hbox (badness 10000) in paragraph at lines 200--201

 []


Underfull \hbox (badness 10000) in paragraph at lines 202--204

 []

Missing character: There is no â in font cmr10!
Missing character: There is no € in font cmr10!
Missing character: There is no ˜ in font cmr10!
Missing character: There is no â in font cmr10!
Missing character: There is no € in font cmr10!
Missing character: There is no ™ in font cmr10!

Underfull \hbox (badness 10000) in paragraph at lines 205--206

 []

Missing character: There is no â in font cmr10!
Missing character: There is no € in font cmr10!
Missing character: There is no ˜ in font cmr10!
Missing character: There is no â in font cmr10!
Missing character: There is no € in font cmr10!
Missing character: There is no ™ in font cmr10!

Underfull \hbox (badness 10000) in paragraph at lines 207--208

 []


Underfull \hbox (badness 10000) in paragraph at lines 209--210

 []

Missing character: There is no â in font cmr10!
Missing character: There is no € in font cmr10!
Missing character: There is no ˜ in font cmr10!
Missing character: There is no â in font cmr10!
Missing character: There is no € in font cmr10!
Missing character: There is no ™ in font cmr10!
Missing character: There is no â in font cmr10!
Missing character: There is no € in font cmr10!
Missing character: There is no ™ in font cmr10!
[14]
Underfull \hbox (badness 10000) in paragraph at lines 217--218

 []


Underfull \hbox (badness 10000) in paragraph at lines 219--220

 []


Underfull \hbox (badness 10000) in paragraph at lines 221--222

 []

) [15] (C:\Users\Bendix\Documents\SMDS2013\latex2\rest.tex
Chapter 3.
(C:\Users\Bendix\Documents\SMDS2013\latex2\report.mtc3)
Underfull \hbox (badness 10000) in paragraph at lines 8--10

 []


Underfull \hbox (badness 10000) in paragraph at lines 21--24

 []

[16



]
Underfull \hbox (badness 10000) in paragraph at lines 30--32

 []


Underfull \hbox (badness 10000) in paragraph at lines 33--34

 []

[17] [18]) [19] (C:\Users\Bendix\Documents\SMDS2013\latex2\security.tex
Chapter 4.
(C:\Users\Bendix\Documents\SMDS2013\latex2\report.mtc4)
Underfull \hbox (badness 10000) in paragraph at lines 9--10

 []


Underfull \hbox (badness 10000) in paragraph at lines 11--12

 []


Underfull \hbox (badness 10000) in paragraph at lines 13--14

 []


Underfull \hbox (badness 10000) in paragraph at lines 22--23

 []

[20



]
Underfull \hbox (badness 10000) in paragraph at lines 24--25

 []


Underfull \hbox (badness 10000) in paragraph at lines 37--38

 []


Underfull \hbox (badness 10000) in paragraph at lines 39--40

 []


Underfull \hbox (badness 10000) in paragraph at lines 41--42

 []

[21]
Underfull \hbox (badness 10000) in paragraph at lines 57--58

 []


Package caption Warning: The option `hypcap=true' will be ignored for this
(caption)                particular \caption on input line 69.
See the caption package documentation for explanation.

<images/security_run.png, id=459, 919.93687pt x 451.6875pt>
File: images/security_run.png Graphic file (type png)

<use images/security_run.png>
Package pdftex.def Info: images/security_run.png used on input line 70.
(pdftex.def)             Requested size: 459.96732pt x 225.84319pt.

Overfull \hbox (114.96732pt too wide) in paragraph at lines 70--71
 [] 
 []


Underfull \hbox (badness 10000) in paragraph at lines 77--78

 []

[22 <C:/Users/Bendix/Documents/SMDS2013/latex2/images/security_run.png>]
Underfull \hbox (badness 10000) in paragraph at lines 82--83

 []


Underfull \hbox (badness 10000) in paragraph at lines 85--86

 []


Underfull \hbox (badness 10000) in paragraph at lines 87--88

 []


Underfull \hbox (badness 10000) in paragraph at lines 89--90

 []


Underfull \hbox (badness 10000) in paragraph at lines 91--92

 []


Underfull \hbox (badness 10000) in paragraph at lines 93--94

 []


Underfull \hbox (badness 10000) in paragraph at lines 95--96

 []

[23]
Underfull \hbox (badness 10000) in paragraph at lines 121--122

 []


Underfull \hbox (badness 10000) in paragraph at lines 123--124

 []

) [24] (C:\Users\Bendix\Documents\SMDS2013\latex2\groupcommunication.tex
Chapter 5.
(C:\Users\Bendix\Documents\SMDS2013\latex2\report.mtc5)
Underfull \hbox (badness 10000) in paragraph at lines 5--6

 []


Underfull \hbox (badness 10000) in paragraph at lines 12--13

 []


Underfull \hbox (badness 10000) in paragraph at lines 14--15

 []


Underfull \hbox (badness 10000) in paragraph at lines 16--17

 []

[25



]
Underfull \hbox (badness 10000) in paragraph at lines 18--19

 []


Underfull \hbox (badness 10000) in paragraph at lines 20--21

 []


Underfull \hbox (badness 10000) in paragraph at lines 22--23

 []


Underfull \hbox (badness 10000) in paragraph at lines 24--25

 []


Underfull \hbox (badness 10000) in paragraph at lines 26--27

 []


Underfull \hbox (badness 10000) in paragraph at lines 28--29

 []


Underfull \hbox (badness 10000) in paragraph at lines 30--31

 []


Underfull \hbox (badness 10000) in paragraph at lines 38--40

 []


Underfull \hbox (badness 10000) in paragraph at lines 41--42

 []


Underfull \hbox (badness 10000) in paragraph at lines 43--44

 []


Underfull \hbox (badness 10000) in paragraph at lines 45--46

 []

[26]
Overfull \hbox (6.0pt too wide) in paragraph at lines 53--53
[][][][][][][] 
 []


Underfull \hbox (badness 10000) in paragraph at lines 73--76

 []

[27]
Overfull \hbox (6.0pt too wide) in paragraph at lines 80--80
[][][][][][][] 
 []


Underfull \hbox (badness 10000) in paragraph at lines 102--103

 []


Overfull \hbox (6.0pt too wide) in paragraph at lines 107--107
[][][][][][][] 
 []


Underfull \hbox (badness 10000) in paragraph at lines 139--140

 []

[28]
Underfull \hbox (badness 10000) in paragraph at lines 141--142

 []


Underfull \hbox (badness 10000) in paragraph at lines 150--151

 []


Underfull \hbox (badness 10000) in paragraph at lines 153--154

 []


Underfull \hbox (badness 10000) in paragraph at lines 156--157

 []


Underfull \hbox (badness 10000) in paragraph at lines 158--159

 []


Underfull \hbox (badness 10000) in paragraph at lines 160--161

 []


Underfull \hbox (badness 1052) in paragraph at lines 162--163
[]\OT1/cmr/bx/n/10 Shared mem-ory sys-tems: \OT1/cmr/m/n/10 Pro-cesses ac-cess 
DSM by reads and
 []


Underfull \hbox (badness 10000) in paragraph at lines 162--163

 []


Underfull \hbox (badness 10000) in paragraph at lines 167--168

 []

[29]
Underfull \hbox (badness 10000) in paragraph at lines 169--170

 []


Underfull \hbox (badness 10000) in paragraph at lines 171--172

 []


Underfull \hbox (badness 10000) in paragraph at lines 181--182

 []


Underfull \hbox (badness 10000) in paragraph at lines 183--185

 []

[30]

Package caption Warning: The option `hypcap=true' will be ignored for this
(caption)                particular \caption on input line 189.
See the caption package documentation for explanation.


Underfull \hbox (badness 10000) in paragraph at lines 207--208

 []


Underfull \hbox (badness 10000) in paragraph at lines 209--210

 []


Underfull \hbox (badness 10000) in paragraph at lines 216--217

 []

[31]
Underfull \hbox (badness 10000) in paragraph at lines 218--219

 []

) [32] (C:\Users\Bendix\Documents\SMDS2013\latex2\concurrency.tex
Chapter 6.
(C:\Users\Bendix\Documents\SMDS2013\latex2\report.mtc6)
Underfull \hbox (badness 10000) in paragraph at lines 4--5

 []

Missing character: There is no â in font cmti10!
Missing character: There is no € in font cmti10!
Missing character: There is no ™ in font cmti10!
Missing character: There is no â in font cmti10!
Missing character: There is no € in font cmti10!
Missing character: There is no ™ in font cmti10!

Underfull \hbox (badness 10000) in paragraph at lines 9--10

 []

Missing character: There is no â in font cmti10!
Missing character: There is no € in font cmti10!
Missing character: There is no ™ in font cmti10!
Missing character: There is no â in font cmti10!
Missing character: There is no € in font cmti10!
Missing character: There is no ™ in font cmti10!
Missing character: There is no â in font cmti10!
Missing character: There is no € in font cmti10!
Missing character: There is no ™ in font cmti10!
Missing character: There is no â in font cmti10!
Missing character: There is no € in font cmti10!
Missing character: There is no ™ in font cmti10!
Missing character: There is no â in font cmti10!
Missing character: There is no € in font cmti10!
Missing character: There is no ˜ in font cmti10!
Missing character: There is no â in font cmti10!
Missing character: There is no € in font cmti10!
Missing character: There is no ™ in font cmti10!
Missing character: There is no â in font cmti10!
Missing character: There is no € in font cmti10!
Missing character: There is no ˜ in font cmti10!
Missing character: There is no â in font cmti10!
Missing character: There is no € in font cmti10!
Missing character: There is no ™ in font cmti10!
Missing character: There is no â in font cmti10!
Missing character: There is no € in font cmti10!
Missing character: There is no ˜ in font cmti10!
Missing character: There is no â in font cmti10!
Missing character: There is no € in font cmti10!
Missing character: There is no ™ in font cmti10!
Missing character: There is no â in font cmti10!
Missing character: There is no € in font cmti10!
Missing character: There is no ˜ in font cmti10!
Missing character: There is no â in font cmti10!
Missing character: There is no € in font cmti10!
Missing character: There is no ™ in font cmti10!
Missing character: There is no â in font cmti10!
Missing character: There is no € in font cmti10!
Missing character: There is no ˜ in font cmti10!
Missing character: There is no â in font cmti10!
Missing character: There is no € in font cmti10!
Missing character: There is no ™ in font cmti10!
Missing character: There is no â in font cmti10!
Missing character: There is no € in font cmti10!
Missing character: There is no ˜ in font cmti10!
Missing character: There is no â in font cmti10!
Missing character: There is no € in font cmti10!
Missing character: There is no ™ in font cmti10!
Missing character: There is no â in font cmti10!
Missing character: There is no € in font cmti10!
Missing character: There is no ˜ in font cmti10!
Missing character: There is no â in font cmti10!
Missing character: There is no € in font cmti10!
Missing character: There is no ™ in font cmti10!
Missing character: There is no â in font cmti10!
Missing character: There is no € in font cmti10!
Missing character: There is no ˜ in font cmti10!
Missing character: There is no â in font cmti10!
Missing character: There is no € in font cmti10!
Missing character: There is no ™ in font cmti10!
Missing character: There is no â in font cmti10!
Missing character: There is no € in font cmti10!
Missing character: There is no ˜ in font cmti10!
Missing character: There is no â in font cmti10!
Missing character: There is no € in font cmti10!
Missing character: There is no ™ in font cmti10!
Missing character: There is no â in font cmti10!
Missing character: There is no € in font cmti10!
Missing character: There is no ™ in font cmti10!
Missing character: There is no â in font cmti10!
Missing character: There is no € in font cmti10!
Missing character: There is no ™ in font cmti10!
Missing character: There is no â in font cmti10!
Missing character: There is no € in font cmti10!
Missing character: There is no ˜ in font cmti10!
Missing character: There is no â in font cmti10!
Missing character: There is no € in font cmti10!
Missing character: There is no ™ in font cmti10!
Missing character: There is no â in font cmti10!
Missing character: There is no € in font cmti10!
Missing character: There is no ˜ in font cmti10!
Missing character: There is no â in font cmti10!
Missing character: There is no € in font cmti10!
Missing character: There is no ™ in font cmti10!
Missing character: There is no â in font cmti10!
Missing character: There is no € in font cmti10!
Missing character: There is no ™ in font cmti10!
Missing character: There is no â in font cmti10!
Missing character: There is no € in font cmti10!
Missing character: There is no ™ in font cmti10!

Underfull \hbox (badness 10000) in paragraph at lines 18--19

 []

[33



]
Missing character: There is no â in font cmti10!
Missing character: There is no € in font cmti10!
Missing character: There is no ™ in font cmti10!

Underfull \hbox (badness 10000) in paragraph at lines 32--33

 []

Missing character: There is no Â in font cmr10!
Missing character: There is no ´ in font cmr10!
Missing character: There is no Â in font cmr10!
Missing character: There is no ´ in font cmr10!
Missing character: There is no Â in font cmr10!
Missing character: There is no ´ in font cmr10!

Underfull \hbox (badness 10000) in paragraph at lines 34--35

 []


Underfull \hbox (badness 10000) in paragraph at lines 36--37

 []


Underfull \hbox (badness 10000) in paragraph at lines 38--39

 []

Missing character: There is no Â in font cmr10!
Missing character: There is no ´ in font cmr10!

Underfull \hbox (badness 10000) in paragraph at lines 40--41

 []

[34]
Underfull \hbox (badness 10000) in paragraph at lines 42--43

 []

Missing character: There is no Â in font cmr10!
Missing character: There is no ´ in font cmr10!

Underfull \hbox (badness 10000) in paragraph at lines 44--45

 []


Underfull \hbox (badness 10000) in paragraph at lines 46--47

 []


Underfull \hbox (badness 10000) in paragraph at lines 48--49

 []


Underfull \hbox (badness 10000) in paragraph at lines 50--51

 []


Underfull \hbox (badness 10000) in paragraph at lines 52--53

 []


Underfull \hbox (badness 10000) in paragraph at lines 58--59

 []


Package caption Warning: The option `hypcap=true' will be ignored for this
(caption)                particular \caption on input line 62.
See the caption package documentation for explanation.

<images/CCServer1.png, id=613, 576.65437pt x 405.76593pt>
File: images/CCServer1.png Graphic file (type png)

<use images/CCServer1.png>
Package pdftex.def Info: images/CCServer1.png used on input line 63.
(pdftex.def)             Requested size: 345.99529pt x 243.46143pt.

Overfull \hbox (0.99529pt too wide) in paragraph at lines 63--66
[][] 
 []

[35]
Underfull \hbox (badness 10000) in paragraph at lines 67--68

 []


Package caption Warning: The option `hypcap=true' will be ignored for this
(caption)                particular \caption on input line 71.
See the caption package documentation for explanation.

<images/CCServer2.png, id=619, 625.58719pt x 432.86719pt>
File: images/CCServer2.png Graphic file (type png)

<use images/CCServer2.png>
Package pdftex.def Info: images/CCServer2.png used on input line 72.
(pdftex.def)             Requested size: 375.35521pt x 259.7223pt.

Overfull \hbox (30.35521pt too wide) in paragraph at lines 72--75
[][] 
 []

[36 <C:/Users/Bendix/Documents/SMDS2013/latex2/images/CCServer1.png>]
Underfull \hbox (badness 10000) in paragraph at lines 76--77

 []


Package caption Warning: The option `hypcap=true' will be ignored for this
(caption)                particular \caption on input line 80.
See the caption package documentation for explanation.

<images/CCServer3.png, id=626, 649.67719pt x 328.97906pt>
File: images/CCServer3.png Graphic file (type png)

<use images/CCServer3.png>
Package pdftex.def Info: images/CCServer3.png used on input line 81.
(pdftex.def)             Requested size: 389.80931pt x 197.38895pt.

Overfull \hbox (44.80931pt too wide) in paragraph at lines 81--84
[][] 
 []

[37 <C:/Users/Bendix/Documents/SMDS2013/latex2/images/CCServer2.png>]
Underfull \hbox (badness 10000) in paragraph at lines 85--86

 []


Underfull \hbox (badness 10000) in paragraph at lines 93--94

 []

[38 <C:/Users/Bendix/Documents/SMDS2013/latex2/images/CCServer3.png>]
Underfull \hbox (badness 10000) in paragraph at lines 123--124

 []


Underfull \hbox (badness 10000) in paragraph at lines 125--126

 []

Missing character: There is no Â in font cmr10!
Missing character: There is no ´ in font cmr10!
[39]) [40] (C:\Users\Bendix\Documents\SMDS2013\latex2\mobile.tex)
(C:\Users\Bendix\Documents\SMDS2013\latex2\Conclusion.tex)
Package minitoc Info: I0009
(minitoc)             Listing minitoc auxiliary files. 
(minitoc)             Creating the report.maf file.
Package minitoc(hints) Info: I0053
(minitoc(hints))             You have loaded the float package; 
(minitoc(hints))             please be aware that the minitoc package 
(minitoc(hints))             facilities can not be used for new types 
(minitoc(hints))             of floats defined by the float package.
Package minitoc(hints) Info: I0053
(minitoc(hints))             You have loaded the floatrow package; 
(minitoc(hints))             please be aware that the minitoc package 
(minitoc(hints))             facilities can not be used for new types 
(minitoc(hints))             of floats defined by the floatrow package.
Package minitoc(hints) Info: I0053
(minitoc(hints))             You have loaded the rotfloat package; 
(minitoc(hints))             please be aware that the minitoc package 
(minitoc(hints))             facilities can not be used for new types 
(minitoc(hints))             of floats defined by the rotfloat package.


Package minitoc(hints) Warning: W0024
(minitoc(hints))                Some hints have been written 
(minitoc(hints))                in the report.log file.

Package atveryend Info: Empty hook `BeforeClearDocument' on input line 96.
[41





]
Package atveryend Info: Empty hook `AfterLastShipout' on input line 96.
 (C:\Users\Bendix\Documents\SMDS2013\latex2\report.aux
(C:\Users\Bendix\Documents\SMDS2013\latex2\introduction.aux)
(C:\Users\Bendix\Documents\SMDS2013\latex2\servlet.aux)
(C:\Users\Bendix\Documents\SMDS2013\latex2\tcp.aux)
(C:\Users\Bendix\Documents\SMDS2013\latex2\rest.aux)
(C:\Users\Bendix\Documents\SMDS2013\latex2\security.aux)
(C:\Users\Bendix\Documents\SMDS2013\latex2\groupcommunication.aux)
(C:\Users\Bendix\Documents\SMDS2013\latex2\concurrency.aux)
(C:\Users\Bendix\Documents\SMDS2013\latex2\mobile.aux)
(C:\Users\Bendix\Documents\SMDS2013\latex2\Conclusion.aux))
Package atveryend Info: Executing hook `AtVeryEndDocument' on input line 96.
Package atveryend Info: Executing hook `AtEndAfterFileList' on input line 96.
Package rerunfilecheck Info: File `report.out' has not changed.
(rerunfilecheck)             Checksum: 06D3829EF434834B048B9CA83091A1C7;1998.


LaTeX Font Warning: Some font shapes were not available, defaults substituted.


LaTeX Warning: There were multiply-defined labels.

Package atveryend Info: Empty hook `AtVeryVeryEnd' on input line 96.
 ) 
Here is how much of TeX's memory you used:
 11186 strings out of 493921
 167667 string characters out of 3147279
 473989 words of memory out of 3000000
 13776 multiletter control sequences out of 15000+200000
 9728 words of font info for 34 fonts, out of 3000000 for 9000
 841 hyphenation exceptions out of 8191
 36i,9n,42p,876b,1687s stack positions out of 5000i,500n,10000p,200000b,50000s
<C:/Program Files/MiKTeX 2.9/fonts/type1/public/amsfonts/cm/cmbx10.pfb><C:/Pr
ogram Files/MiKTeX 2.9/fonts/type1/public/amsfonts/cm/cmbx12.pfb><C:/Program Fi
les/MiKTeX 2.9/fonts/type1/public/amsfonts/cm/cmbx9.pfb><C:/Program Files/MiKTe
X 2.9/fonts/type1/public/amsfonts/cm/cmbxti10.pfb><C:/Program Files/MiKTeX 2.9/
fonts/type1/public/amsfonts/cm/cmmi7.pfb><C:/Program Files/MiKTeX 2.9/fonts/typ
e1/public/amsfonts/cm/cmr10.pfb><C:/Program Files/MiKTeX 2.9/fonts/type1/public
/amsfonts/cm/cmr7.pfb><C:/Program Files/MiKTeX 2.9/fonts/type1/public/amsfonts/
cm/cmr9.pfb><C:/Program Files/MiKTeX 2.9/fonts/type1/public/amsfonts/cm/cmss8.p
fb><C:/Program Files/MiKTeX 2.9/fonts/type1/public/amsfonts/cm/cmsy10.pfb><C:/P
rogram Files/MiKTeX 2.9/fonts/type1/public/amsfonts/cm/cmsy7.pfb><C:/Program Fi
les/MiKTeX 2.9/fonts/type1/public/amsfonts/cm/cmti10.pfb><C:/Program Files/MiKT
eX 2.9/fonts/type1/public/amsfonts/cm/cmtt10.pfb>
Output written on report.pdf (42 pages, 540224 bytes).
PDF statistics:
 757 PDF objects out of 1000 (max. 8388607)
 310 named destinations out of 1000 (max. 500000)
 293 words of extra memory for PDF output out of 10000 (max. 10000000)

