\BOOKMARK [0][-]{chapter.1}{Introduction}{}% 1
\BOOKMARK [1][-]{section.1.1}{Project Presentation}{chapter.1}% 2
\BOOKMARK [1][-]{section.1.2}{report structure}{chapter.1}% 3
\BOOKMARK [0][-]{chapter.2}{Servlet}{}% 4
\BOOKMARK [1][-]{section.2.1}{Lab description}{chapter.2}% 5
\BOOKMARK [1][-]{section.2.2}{Solution}{chapter.2}% 6
\BOOKMARK [1][-]{section.2.3}{Test run}{chapter.2}% 7
\BOOKMARK [1][-]{section.2.4}{Reflection}{chapter.2}% 8
\BOOKMARK [1][-]{section.2.5}{Conclusion}{chapter.2}% 9
\BOOKMARK [0][-]{chapter.3}{TCP server and Serialization}{}% 10
\BOOKMARK [1][-]{section.3.1}{lab description}{chapter.3}% 11
\BOOKMARK [1][-]{section.3.2}{Solution}{chapter.3}% 12
\BOOKMARK [1][-]{section.3.3}{example run}{chapter.3}% 13
\BOOKMARK [1][-]{section.3.4}{Reflection}{chapter.3}% 14
\BOOKMARK [0][-]{chapter.4}{REST Service}{}% 15
\BOOKMARK [1][-]{section.4.1}{Lab description}{chapter.4}% 16
\BOOKMARK [1][-]{section.4.2}{Solution}{chapter.4}% 17
\BOOKMARK [1][-]{section.4.3}{Test run}{chapter.4}% 18
\BOOKMARK [1][-]{section.4.4}{Reflection}{chapter.4}% 19
\BOOKMARK [1][-]{section.4.5}{Conclusion}{chapter.4}% 20
\BOOKMARK [0][-]{chapter.5}{Security}{}% 21
\BOOKMARK [1][-]{section.5.1}{Lab Description}{chapter.5}% 22
\BOOKMARK [1][-]{section.5.2}{Solution}{chapter.5}% 23
\BOOKMARK [1][-]{section.5.3}{Example run}{chapter.5}% 24
\BOOKMARK [1][-]{section.5.4}{Reflection}{chapter.5}% 25
\BOOKMARK [1][-]{section.5.5}{Conclusion}{chapter.5}% 26
\BOOKMARK [0][-]{chapter.6}{Group Communication}{}% 27
\BOOKMARK [1][-]{section.6.1}{lab description}{chapter.6}% 28
\BOOKMARK [1][-]{section.6.2}{Solution}{chapter.6}% 29
\BOOKMARK [1][-]{section.6.3}{Example Run}{chapter.6}% 30
\BOOKMARK [1][-]{section.6.4}{Reflection}{chapter.6}% 31
\BOOKMARK [1][-]{section.6.5}{Conclusion}{chapter.6}% 32
\BOOKMARK [0][-]{chapter.7}{Concurrency Control}{}% 33
\BOOKMARK [1][-]{section.7.1}{lab description}{chapter.7}% 34
\BOOKMARK [1][-]{section.7.2}{Solution}{chapter.7}% 35
\BOOKMARK [1][-]{section.7.3}{Example Run}{chapter.7}% 36
\BOOKMARK [1][-]{section.7.4}{Reflection}{chapter.7}% 37
\BOOKMARK [1][-]{section.7.5}{Conclusion}{chapter.7}% 38
\BOOKMARK [0][-]{chapter.8}{Mobile client}{}% 39
\BOOKMARK [1][-]{section.8.1}{Lab Description}{chapter.8}% 40
\BOOKMARK [1][-]{section.8.2}{Solution}{chapter.8}% 41
\BOOKMARK [1][-]{section.8.3}{Example Run}{chapter.8}% 42
\BOOKMARK [1][-]{section.8.4}{Reflection}{chapter.8}% 43
\BOOKMARK [1][-]{section.8.5}{Conclusion}{chapter.8}% 44
\BOOKMARK [0][-]{chapter.9}{Conclusion}{}% 45
\BOOKMARK [1][-]{section.9.1}{TCP}{chapter.9}% 46
\BOOKMARK [1][-]{section.9.2}{REST}{chapter.9}% 47
\BOOKMARK [1][-]{section.9.3}{Security}{chapter.9}% 48
\BOOKMARK [1][-]{section.9.4}{Concurrency}{chapter.9}% 49
\BOOKMARK [1][-]{section.9.5}{Group Communication}{chapter.9}% 50
\BOOKMARK [1][-]{section.9.6}{Mobile Client}{chapter.9}% 51
\BOOKMARK [0][-]{appendix.A}{Security model}{}% 52
\BOOKMARK [1][-]{section.A.1}{Security Model}{appendix.A}% 53
\BOOKMARK [1][-]{section.A.2}{The Enemy}{appendix.A}% 54
